<?xml version="1.0" encoding="UTF-8"?>
<testng-results skipped="0" failed="0" ignored="0" total="2" passed="2">
  <reporter-output>
  </reporter-output>
  <suite name="TestSuite" duration-ms="1954" started-at="2019-09-06T11:02:30 CDT" finished-at="2019-09-06T11:02:32 CDT">
    <groups>
      <group name="names">
        <method signature="TC_EP_011.scenario1()[pri:0, instance:com.hexaware.testscripts.EditProfile.TC_EP_011@192b07fd]" name="scenario1" class="com.hexaware.testscripts.EditProfile.TC_EP_011"/>
        <method signature="TC_EP_011.scenario2()[pri:0, instance:com.hexaware.testscripts.EditProfile.TC_EP_011@192b07fd]" name="scenario2" class="com.hexaware.testscripts.EditProfile.TC_EP_011"/>
      </group> <!-- names -->
    </groups>
    <test name="Test" duration-ms="1954" started-at="2019-09-06T11:02:30 CDT" finished-at="2019-09-06T11:02:32 CDT">
      <class name="com.hexaware.testscripts.EditProfile.TC_EP_011">
        <test-method status="PASS" signature="getDataListName()[pri:0, instance:com.hexaware.testscripts.EditProfile.TC_EP_011@192b07fd]" name="getDataListName" is-config="true" duration-ms="1076" started-at="2019-09-06T11:02:30 CDT" finished-at="2019-09-06T11:02:31 CDT">
          <reporter-output>
          </reporter-output>
        </test-method> <!-- getDataListName -->
        <test-method status="PASS" signature="scenario1()[pri:0, instance:com.hexaware.testscripts.EditProfile.TC_EP_011@192b07fd]" name="scenario1" duration-ms="767" started-at="2019-09-06T11:02:31 CDT" finished-at="2019-09-06T11:02:32 CDT">
          <reporter-output>
          </reporter-output>
        </test-method> <!-- scenario1 -->
        <test-method status="PASS" signature="scenario2()[pri:0, instance:com.hexaware.testscripts.EditProfile.TC_EP_011@192b07fd]" name="scenario2" duration-ms="28" started-at="2019-09-06T11:02:32 CDT" finished-at="2019-09-06T11:02:32 CDT">
          <reporter-output>
          </reporter-output>
        </test-method> <!-- scenario2 -->
        <test-method status="PASS" signature="finish()[pri:0, instance:com.hexaware.testscripts.EditProfile.TC_EP_011@192b07fd]" name="finish" is-config="true" duration-ms="54" started-at="2019-09-06T11:02:32 CDT" finished-at="2019-09-06T11:02:32 CDT">
          <reporter-output>
          </reporter-output>
        </test-method> <!-- finish -->
      </class> <!-- com.hexaware.testscripts.EditProfile.TC_EP_011 -->
    </test> <!-- Test -->
  </suite> <!-- TestSuite -->
</testng-results>
