<?xml version="1.0" encoding="UTF-8"?>
<testsuite xmlns:xsi="http://www.w3.org/2001/XMLSchema-instance" xsi:noNamespaceSchemaLocation="https://maven.apache.org/surefire/maven-surefire-plugin/xsd/surefire-test-report-3.0.xsd" version="3.0" name="TestSuite" time="192.292" tests="13" errors="0" skipped="0" failures="7">
  <properties>
[...]
</properties>
  <testcase name="login1" classname="com.hexaware.testscripts.Login.LoginTestNG" time="2.344"/>
  <testcase name="login2" classname="com.hexaware.testscripts.Login.LoginTestNG" time="2.555"/>
  <testcase name="login3" classname="com.hexaware.testscripts.Login.LoginTestNG" time="2.524"/>
  <testcase name="login4" classname="com.hexaware.testscripts.Login.LoginTestNG" time="2.642">
    <failure message="Does not display a message // did not expect to find [true] but found [false]" type="java.lang.AssertionError">java.lang.AssertionError: Does not display a message // did not expect to find [true] but found [false]
	at com.hexaware.testscripts.Login.LoginTestNG.login4(LoginTestNG.java:248)
</failure>
    <system-err><![CDATA[Sep 17, 2019 12:29:59 PM org.openqa.selenium.remote.ProtocolHandshake createSession
INFO: Detected dialect: W3C
Cleaning up unclosed ZipFile for archive C:\Users\Training\HexaboardAutomationTest\hexaboards\DataFileScripts.xlsx
]]></system-err>
  </testcase>
  <testcase name="login5" classname="com.hexaware.testscripts.Login.LoginTestNG" time="2.4">
    <failure message="Does not display a message // did not expect to find [true] but found [false]" type="java.lang.AssertionError">java.lang.AssertionError: Does not display a message // did not expect to find [true] but found [false]
	at com.hexaware.testscripts.Login.LoginTestNG.login5(LoginTestNG.java:295)
</failure>
    <system-err><![CDATA[Sep 17, 2019 12:30:13 PM org.openqa.selenium.remote.ProtocolHandshake createSession
INFO: Detected dialect: W3C
Cleaning up unclosed ZipFile for archive C:\Users\Training\HexaboardAutomationTest\hexaboards\DataFileScripts.xlsx
]]></system-err>
  </testcase>
  <testcase name="login6" classname="com.hexaware.testscripts.Login.LoginTestNG" time="2.329"/>
  <testcase name="login7" classname="com.hexaware.testscripts.Login.LoginTestNG" time="2.17">
    <failure message="Does not display a mesaage// did not expect to find [true] but found [false]" type="java.lang.AssertionError">java.lang.AssertionError: Does not display a mesaage// did not expect to find [true] but found [false]
	at com.hexaware.testscripts.Login.LoginTestNG.login7(LoginTestNG.java:391)
</failure>
    <system-err><![CDATA[Sep 17, 2019 12:30:39 PM org.openqa.selenium.remote.ProtocolHandshake createSession
INFO: Detected dialect: W3C
Cleaning up unclosed ZipFile for archive C:\Users\Training\HexaboardAutomationTest\hexaboards\DataFileScripts.xlsx
]]></system-err>
  </testcase>
  <testcase name="login8" classname="com.hexaware.testscripts.Login.LoginTestNG" time="2.38"/>
  <testcase name="login9" classname="com.hexaware.testscripts.Login.LoginTestNG" time="2.437"/>
  <testcase name="login10" classname="com.hexaware.testscripts.Login.LoginTestNG" time="1.574">
    <failure message="Does not redirect to another page // did not expect to find [true] but found [false]" type="java.lang.AssertionError">java.lang.AssertionError: Does not redirect to another page // did not expect to find [true] but found [false]
	at com.hexaware.testscripts.Login.LoginTestNG.login10(LoginTestNG.java:540)
</failure>
    <system-err><![CDATA[Sep 17, 2019 12:31:29 PM org.openqa.selenium.remote.ProtocolHandshake createSession
INFO: Detected dialect: W3C
Cleaning up unclosed ZipFile for archive C:\Users\Training\HexaboardAutomationTest\hexaboards\DataFileScripts.xlsx
Cleaning up unclosed ZipFile for archive C:\Users\Training\HexaboardAutomationTest\hexaboards\DataFileScripts.xlsx
]]></system-err>
  </testcase>
  <testcase name="login11" classname="com.hexaware.testscripts.Login.LoginTestNG" time="1.663">
    <failure message="Does not redirect to another page // did not expect to find [true] but found [false]" type="java.lang.AssertionError">java.lang.AssertionError: Does not redirect to another page // did not expect to find [true] but found [false]
	at com.hexaware.testscripts.Login.LoginTestNG.login11(LoginTestNG.java:573)
</failure>
    <system-err><![CDATA[Sep 17, 2019 12:31:41 PM org.openqa.selenium.remote.ProtocolHandshake createSession
INFO: Detected dialect: W3C
]]></system-err>
  </testcase>
  <testcase name="login12" classname="com.hexaware.testscripts.Login.LoginTestNG" time="3.179">
    <failure message="Does not redirect to another page to log in with google // did not expect to find [true] but found [false]" type="java.lang.AssertionError">java.lang.AssertionError: Does not redirect to another page to log in with google // did not expect to find [true] but found [false]
	at com.hexaware.testscripts.Login.LoginTestNG.login12(LoginTestNG.java:609)
</failure>
    <system-err><![CDATA[Cleaning up unclosed ZipFile for archive C:\Users\Training\HexaboardAutomationTest\hexaboards\DataFileScripts.xlsx
Sep 17, 2019 12:31:54 PM org.openqa.selenium.remote.ProtocolHandshake createSession
INFO: Detected dialect: W3C
]]></system-err>
  </testcase>
  <testcase name="login13" classname="com.hexaware.testscripts.Login.LoginTestNG" time="2.575">
    <failure message="Does not display the message // did not expect to find [true] but found [false]" type="java.lang.AssertionError">java.lang.AssertionError: Does not display the message // did not expect to find [true] but found [false]
	at com.hexaware.testscripts.Login.LoginTestNG.login13(LoginTestNG.java:656)
</failure>
    <system-out><![CDATA[ ]]></system-out>
    <system-err><![CDATA[Sep 17, 2019 12:32:12 PM org.openqa.selenium.remote.ProtocolHandshake createSession
INFO: Detected dialect: W3C
Cleaning up unclosed ZipFile for archive C:\Users\Training\HexaboardAutomationTest\hexaboards\DataFileScripts.xlsx
Cleaning up unclosed ZipFile for archive C:\Users\Training\HexaboardAutomationTest\hexaboards\DataFileScripts.xlsx
]]></system-err>
  </testcase>
</testsuite>