<?xml version="1.0" encoding="UTF-8"?>
<!-- Generated by org.testng.reporters.JUnitXMLReporter -->
<testsuite hostname="DESKTOP-29V1465" ignored="0" name="Test" tests="7" failures="0" timestamp="2019-09-18T13:00:22 CDT" time="2.165" errors="0">
  <testcase name="scenario17" time="0.812" classname="com.hexaware.apiscripts.editProfile.EditAll"/>
  <testcase name="scenario18" time="0.023" classname="com.hexaware.apiscripts.editProfile.EditAll"/>
  <testcase name="scenario19" time="0.021" classname="com.hexaware.apiscripts.editProfile.EditAll"/>
  <testcase name="scenario20" time="0.027" classname="com.hexaware.apiscripts.editProfile.EditAll"/>
  <testcase name="scenario21" time="0.033" classname="com.hexaware.apiscripts.editProfile.EditAll"/>
  <testcase name="scenario22" time="0.031" classname="com.hexaware.apiscripts.editProfile.EditAll"/>
  <testcase name="scenario23" time="0.028" classname="com.hexaware.apiscripts.editProfile.EditAll"/>
</testsuite> <!-- Test -->
